<?xml version="1.0" encoding="UTF-8"?>
<!-- Generated by org.testng.reporters.JUnitReportReporter -->
<testsuite hostname="LAPTOP-V8P8BJ13" failures="0" tests="1" name="testPackage.TestClass1" time="0.867" errors="0" timestamp="2022-11-28T11:23:27 IST" skipped="0">
  <testcase classname="testPackage.TestClass1" name="Test1" time="0.867"/>
  <system-out/>
</testsuite> <!-- testPackage.TestClass1 -->
