<?xml version="1.0" encoding="UTF-8"?>
<!-- Generated by org.testng.reporters.JUnitReportReporter -->
<testsuite hostname="LAPTOP-V8P8BJ13" failures="0" tests="1" name="package2.TestClass4" time="0.766" errors="0" timestamp="2022-11-28T11:23:27 IST" skipped="0">
  <testcase classname="package2.TestClass4" name="test4" time="0.766"/>
  <system-out/>
</testsuite> <!-- package2.TestClass4 -->
