<?xml version="1.0" encoding="UTF-8"?>
<!-- Generated by org.testng.reporters.JUnitReportReporter -->
<testsuite hostname="LAPTOP-V8P8BJ13" failures="0" tests="1" name="parameterPackage.ParameterClass" time="0.005" errors="0" timestamp="2022-11-28T11:25:34 IST" skipped="0">
  <testcase classname="parameterPackage.ParameterClass" name="parameterTest" time="0.005"/>
  <system-out/>
</testsuite> <!-- parameterPackage.ParameterClass -->
