<?xml version="1.0" encoding="UTF-8"?>
<!-- Generated by org.testng.reporters.JUnitReportReporter -->
<testsuite hostname="LAPTOP-V8P8BJ13" failures="0" tests="2" name="grouppackage.GroupClasss" time="0.007" errors="0" timestamp="2022-12-02T10:41:22 IST" skipped="0">
  <testcase classname="grouppackage.GroupClasss" name="test3" time="0.001"/>
  <system-out/>
  <testcase classname="grouppackage.GroupClasss" name="test2" time="0.006"/>
  <system-out/>
</testsuite> <!-- grouppackage.GroupClasss -->
