<?xml version="1.0" encoding="UTF-8"?>
<!-- Generated by org.testng.reporters.JUnitReportReporter -->
<testsuite hostname="LAPTOP-V8P8BJ13" failures="0" tests="1" name="package2.TestClass3" time="1.628" errors="0" timestamp="2022-11-28T11:23:27 IST" skipped="0">
  <testcase classname="package2.TestClass3" name="Test3" time="1.628"/>
  <system-out/>
</testsuite> <!-- package2.TestClass3 -->
