<?xml version="1.0" encoding="UTF-8"?>
<!-- Generated by org.testng.reporters.JUnitReportReporter -->
<testsuite hostname="LAPTOP-V8P8BJ13" failures="0" tests="1" name="sampleXMLClass.SampleClass" time="6.863" errors="0" timestamp="2022-12-03T11:04:48 IST" skipped="0">
  <testcase classname="sampleXMLClass.SampleClass" name="driverLaunch" time="6.863"/>
  <system-out/>
</testsuite> <!-- sampleXMLClass.SampleClass -->
